<?xml version="1.0" encoding="UTF-8"?>
<testsuite xmlns:xsi="http://www.w3.org/2001/XMLSchema-instance" xsi:noNamespaceSchemaLocation="https://maven.apache.org/surefire/maven-surefire-plugin/xsd/surefire-test-report.xsd" name="com.sapient.creditcard.integration.CreditCardIntegrationTests" time="0.894" tests="5" errors="0" skipped="0" failures="5">
  <properties>
[...]
</properties>
  <testcase name="test_Credit_add_endpoint_success" classname="com.sapient.creditcard.integration.CreditCardIntegrationTests" time="0.042">
    <failure message="Status expected:&lt;201&gt; but was:&lt;403&gt;" type="java.lang.AssertionError"><![CDATA[java.lang.AssertionError: Status expected:<201> but was:<403>
	at com.sapient.creditcard.integration.CreditCardIntegrationTests.test_Credit_add_endpoint_success(CreditCardIntegrationTests.java:65)
]]></failure>
    <system-out><![CDATA[2022-03-29 16:58:32.249  INFO 23790 --- [           main] .b.t.c.SpringBootTestContextBootstrapper : Neither @ContextConfiguration nor @ContextHierarchy found for test class [com.sapient.creditcard.integration.CreditCardIntegrationTests], using SpringBootContextLoader
2022-03-29 16:58:32.250  INFO 23790 --- [           main] o.s.t.c.support.AbstractContextLoader    : Could not detect default resource locations for test class [com.sapient.creditcard.integration.CreditCardIntegrationTests]: no resource found for suffixes {-context.xml, Context.groovy}.
2022-03-29 16:58:32.250  INFO 23790 --- [           main] t.c.s.AnnotationConfigContextLoaderUtils : Could not detect default configuration classes for test class [com.sapient.creditcard.integration.CreditCardIntegrationTests]: CreditCardIntegrationTests does not declare any static, non-private, non-final, nested classes annotated with @Configuration.
2022-03-29 16:58:32.254  INFO 23790 --- [           main] .b.t.c.SpringBootTestContextBootstrapper : Found @SpringBootConfiguration com.sapient.creditcard.CreditCardApplication for test class com.sapient.creditcard.integration.CreditCardIntegrationTests
2022-03-29 16:58:32.256  INFO 23790 --- [           main] .b.t.c.SpringBootTestContextBootstrapper : Loaded default TestExecutionListener class names from location [META-INF/spring.factories]: [org.springframework.boot.test.mock.mockito.MockitoTestExecutionListener, org.springframework.boot.test.mock.mockito.ResetMocksTestExecutionListener, org.springframework.boot.test.autoconfigure.restdocs.RestDocsTestExecutionListener, org.springframework.boot.test.autoconfigure.web.client.MockRestServiceServerResetTestExecutionListener, org.springframework.boot.test.autoconfigure.web.servlet.MockMvcPrintOnlyOnFailureTestExecutionListener, org.springframework.boot.test.autoconfigure.web.servlet.WebDriverTestExecutionListener, org.springframework.boot.test.autoconfigure.webservices.client.MockWebServiceServerTestExecutionListener, org.springframework.test.context.web.ServletTestExecutionListener, org.springframework.test.context.support.DirtiesContextBeforeModesTestExecutionListener, org.springframework.test.context.event.ApplicationEventsTestExecutionListener, org.springframework.test.context.support.DependencyInjectionTestExecutionListener, org.springframework.test.context.support.DirtiesContextTestExecutionListener, org.springframework.test.context.transaction.TransactionalTestExecutionListener, org.springframework.test.context.jdbc.SqlScriptsTestExecutionListener, org.springframework.test.context.event.EventPublishingTestExecutionListener, org.springframework.security.test.context.support.WithSecurityContextTestExecutionListener, org.springframework.security.test.context.support.ReactorContextTestExecutionListener]
2022-03-29 16:58:32.257  INFO 23790 --- [           main] .b.t.c.SpringBootTestContextBootstrapper : Using TestExecutionListeners: [org.springframework.test.context.web.ServletTestExecutionListener@21fa19e4, org.springframework.test.context.support.DirtiesContextBeforeModesTestExecutionListener@33a58fcb, org.springframework.test.context.event.ApplicationEventsTestExecutionListener@36a8ebca, org.springframework.boot.test.mock.mockito.MockitoTestExecutionListener@328e687e, org.springframework.boot.test.autoconfigure.SpringBootDependencyInjectionTestExecutionListener@434a72f2, org.springframework.test.context.support.DirtiesContextTestExecutionListener@5c8e7687, org.springframework.test.context.transaction.TransactionalTestExecutionListener@2d093067, org.springframework.test.context.jdbc.SqlScriptsTestExecutionListener@6c056020, org.springframework.test.context.event.EventPublishingTestExecutionListener@7cc842b0, org.springframework.security.test.context.support.WithSecurityContextTestExecutionListener@53dd29e0, org.springframework.security.test.context.support.ReactorContextTestExecutionListener@3733b1f4, org.springframework.boot.test.mock.mockito.ResetMocksTestExecutionListener@70f0c352, org.springframework.boot.test.autoconfigure.restdocs.RestDocsTestExecutionListener@4e93d23e, org.springframework.boot.test.autoconfigure.web.client.MockRestServiceServerResetTestExecutionListener@743b7025, org.springframework.boot.test.autoconfigure.web.servlet.MockMvcPrintOnlyOnFailureTestExecutionListener@5eadc347, org.springframework.boot.test.autoconfigure.web.servlet.WebDriverTestExecutionListener@28b16193, org.springframework.boot.test.autoconfigure.webservices.client.MockWebServiceServerTestExecutionListener@78e34499]

  .   ____          _            __ _ _
 /\\ / ___'_ __ _ _(_)_ __  __ _ \ \ \ \
( ( )\___ | '_ | '_| | '_ \/ _` | \ \ \ \
 \\/  ___)| |_)| | | | | || (_| |  ) ) ) )
  '  |____| .__|_| |_|_| |_\__, | / / / /
 =========|_|==============|___/=/_/_/_/
 :: Spring Boot ::                (v2.5.0)

2022-03-29 16:58:32.286  INFO 23790 --- [           main] c.s.c.i.CreditCardIntegrationTests       : Starting CreditCardIntegrationTests using Java 16 on MacBook-Pro.local with PID 23790 (started by hemavathitamilmaran in /Users/hemavathitamilmaran/IdeaProjects/creditcard)
2022-03-29 16:58:32.286  INFO 23790 --- [           main] c.s.c.i.CreditCardIntegrationTests       : No active profile set, falling back to default profiles: default
2022-03-29 16:58:32.363  INFO 23790 --- [           main] .s.d.r.c.RepositoryConfigurationDelegate : Bootstrapping Spring Data JPA repositories in DEFAULT mode.
2022-03-29 16:58:32.367  INFO 23790 --- [           main] .s.d.r.c.RepositoryConfigurationDelegate : Finished Spring Data repository scanning in 4 ms. Found 1 JPA repository interfaces.
2022-03-29 16:58:32.493  INFO 23790 --- [           main] o.s.b.w.embedded.tomcat.TomcatWebServer  : Tomcat initialized with port(s): 0 (http)
2022-03-29 16:58:32.499  INFO 23790 --- [           main] o.apache.catalina.core.StandardService   : Starting service [Tomcat]
2022-03-29 16:58:32.499  INFO 23790 --- [           main] org.apache.catalina.core.StandardEngine  : Starting Servlet engine: [Apache Tomcat/9.0.46]
2022-03-29 16:58:32.555  INFO 23790 --- [           main] o.a.c.c.C.[Tomcat].[localhost].[/]       : Initializing Spring embedded WebApplicationContext
2022-03-29 16:58:32.555  INFO 23790 --- [           main] w.s.c.ServletWebServerApplicationContext : Root WebApplicationContext: initialization completed in 267 ms
2022-03-29 16:58:32.571  INFO 23790 --- [           main] com.zaxxer.hikari.HikariDataSource       : HikariPool-2 - Starting...
2022-03-29 16:58:32.572  INFO 23790 --- [           main] com.zaxxer.hikari.HikariDataSource       : HikariPool-2 - Start completed.
2022-03-29 16:58:32.572  INFO 23790 --- [           main] o.s.b.a.h2.H2ConsoleAutoConfiguration    : H2 console available at '/h2-console'. Database available at 'jdbc:h2:mem:testdb'
2022-03-29 16:58:32.631  INFO 23790 --- [           main] o.hibernate.jpa.internal.util.LogHelper  : HHH000204: Processing PersistenceUnitInfo [name: default]
2022-03-29 16:58:32.633  INFO 23790 --- [           main] org.hibernate.dialect.Dialect            : HHH000400: Using dialect: org.hibernate.dialect.H2Dialect
2022-03-29 16:58:32.646  INFO 23790 --- [           main] o.h.e.t.j.p.i.JtaPlatformInitiator       : HHH000490: Using JtaPlatform implementation: [org.hibernate.engine.transaction.jta.platform.internal.NoJtaPlatform]
2022-03-29 16:58:32.647  INFO 23790 --- [           main] j.LocalContainerEntityManagerFactoryBean : Initialized JPA EntityManagerFactory for persistence unit 'default'
2022-03-29 16:58:32.683  WARN 23790 --- [           main] JpaBaseConfiguration$JpaWebConfiguration : spring.jpa.open-in-view is enabled by default. Therefore, database queries may be performed during view rendering. Explicitly configure spring.jpa.open-in-view to disable this warning
2022-03-29 16:58:32.785  INFO 23790 --- [           main] .s.s.UserDetailsServiceAutoConfiguration : 

Using generated security password: b3af11eb-6e15-4623-8098-e020d57cda38

2022-03-29 16:58:32.809  INFO 23790 --- [           main] o.s.s.web.DefaultSecurityFilterChain     : Will secure any request with [org.springframework.security.web.context.request.async.WebAsyncManagerIntegrationFilter@56ece9c, org.springframework.security.web.context.SecurityContextPersistenceFilter@20e8286a, org.springframework.security.web.header.HeaderWriterFilter@2d4aadc, org.springframework.security.web.csrf.CsrfFilter@4823f4d0, org.springframework.security.web.authentication.logout.LogoutFilter@2a0d8df8, org.springframework.security.web.authentication.UsernamePasswordAuthenticationFilter@620260ad, org.springframework.security.web.authentication.ui.DefaultLoginPageGeneratingFilter@63be4548, org.springframework.security.web.authentication.ui.DefaultLogoutPageGeneratingFilter@1c4a8c93, org.springframework.security.web.authentication.www.BasicAuthenticationFilter@216c6825, org.springframework.security.web.savedrequest.RequestCacheAwareFilter@4d408746, org.springframework.security.web.servletapi.SecurityContextHolderAwareRequestFilter@6ae55678, org.springframework.security.web.authentication.AnonymousAuthenticationFilter@6d3c80bf, org.springframework.security.web.session.SessionManagementFilter@773ad729, org.springframework.security.web.access.ExceptionTranslationFilter@75f316df, org.springframework.security.web.access.intercept.FilterSecurityInterceptor@58397dd]
2022-03-29 16:58:32.832  INFO 23790 --- [           main] o.a.c.c.C.[Tomcat].[localhost].[/]       : Initializing Spring TestDispatcherServlet ''
2022-03-29 16:58:32.832  INFO 23790 --- [           main] o.s.t.web.servlet.TestDispatcherServlet  : Initializing Servlet ''
2022-03-29 16:58:32.833  INFO 23790 --- [           main] o.s.t.web.servlet.TestDispatcherServlet  : Completed initialization in 1 ms
2022-03-29 16:58:32.865  INFO 23790 --- [           main] o.s.b.w.embedded.tomcat.TomcatWebServer  : Tomcat started on port(s): 58384 (http) with context path ''
2022-03-29 16:58:32.867  INFO 23790 --- [           main] c.s.c.i.CreditCardIntegrationTests       : Started CreditCardIntegrationTests in 0.609 seconds (JVM running for 3.408)
2022-03-29 16:58:32.868  INFO 23790 --- [           main] o.s.b.a.ApplicationAvailabilityBean      : Application availability state LivenessState changed to CORRECT
2022-03-29 16:58:32.868  INFO 23790 --- [           main] o.s.b.a.ApplicationAvailabilityBean      : Application availability state ReadinessState changed to ACCEPTING_TRAFFIC

MockHttpServletRequest:
      HTTP Method = POST
      Request URI = /creditcard
       Parameters = {}
          Headers = [Content-Type:"application/json;charset=UTF-8", Authorization:"Basic YWRtaW46YWRtaW4=", Content-Length:"95"]
             Body = {"creditAccountId":"123","cardNumber":61789372994,"name":"Hema","limit":1000.50,"balance":null}
    Session Attrs = {org.springframework.security.web.csrf.HttpSessionCsrfTokenRepository.CSRF_TOKEN=org.springframework.security.web.csrf.DefaultCsrfToken@5d729af6}

Handler:
             Type = null

Async:
    Async started = false
     Async result = null

Resolved Exception:
             Type = null

ModelAndView:
        View name = null
             View = null
            Model = null

FlashMap:
       Attributes = null

MockHttpServletResponse:
           Status = 403
    Error message = Forbidden
          Headers = [X-Content-Type-Options:"nosniff", X-XSS-Protection:"1; mode=block", Cache-Control:"no-cache, no-store, max-age=0, must-revalidate", Pragma:"no-cache", Expires:"0", X-Frame-Options:"DENY"]
     Content type = null
             Body = 
    Forwarded URL = null
   Redirected URL = null
          Cookies = []
]]></system-out>
  </testcase>
  <testcase name="test_add_endpoint_for_existing_card" classname="com.sapient.creditcard.integration.CreditCardIntegrationTests" time="0.01">
    <failure message="Status expected:&lt;500&gt; but was:&lt;403&gt;" type="java.lang.AssertionError"><![CDATA[java.lang.AssertionError: Status expected:<500> but was:<403>
	at com.sapient.creditcard.integration.CreditCardIntegrationTests.test_add_endpoint_for_existing_card(CreditCardIntegrationTests.java:83)
]]></failure>
    <system-out><![CDATA[
MockHttpServletRequest:
      HTTP Method = POST
      Request URI = /creditcard
       Parameters = {}
          Headers = [Content-Type:"application/json;charset=UTF-8", Authorization:"Basic YWRtaW46YWRtaW4=", Content-Length:"95"]
             Body = {"creditAccountId":"123","cardNumber":61789372994,"name":"Hema","limit":1000.50,"balance":null}
    Session Attrs = {org.springframework.security.web.csrf.HttpSessionCsrfTokenRepository.CSRF_TOKEN=org.springframework.security.web.csrf.DefaultCsrfToken@452ea8f0}

Handler:
             Type = null

Async:
    Async started = false
     Async result = null

Resolved Exception:
             Type = null

ModelAndView:
        View name = null
             View = null
            Model = null

FlashMap:
       Attributes = null

MockHttpServletResponse:
           Status = 403
    Error message = Forbidden
          Headers = [X-Content-Type-Options:"nosniff", X-XSS-Protection:"1; mode=block", Cache-Control:"no-cache, no-store, max-age=0, must-revalidate", Pragma:"no-cache", Expires:"0", X-Frame-Options:"DENY"]
     Content type = null
             Body = 
    Forwarded URL = null
   Redirected URL = null
          Cookies = []

MockHttpServletRequest:
      HTTP Method = POST
      Request URI = /creditcard
       Parameters = {}
          Headers = [Content-Type:"application/json;charset=UTF-8", Authorization:"Basic YWRtaW46YWRtaW4=", Content-Length:"95"]
             Body = {"creditAccountId":"123","cardNumber":61789372994,"name":"Hema","limit":1000.50,"balance":null}
    Session Attrs = {org.springframework.security.web.csrf.HttpSessionCsrfTokenRepository.CSRF_TOKEN=org.springframework.security.web.csrf.DefaultCsrfToken@e417628}

Handler:
             Type = null

Async:
    Async started = false
     Async result = null

Resolved Exception:
             Type = null

ModelAndView:
        View name = null
             View = null
            Model = null

FlashMap:
       Attributes = null

MockHttpServletResponse:
           Status = 403
    Error message = Forbidden
          Headers = [X-Content-Type-Options:"nosniff", X-XSS-Protection:"1; mode=block", Cache-Control:"no-cache, no-store, max-age=0, must-revalidate", Pragma:"no-cache", Expires:"0", X-Frame-Options:"DENY"]
     Content type = null
             Body = 
    Forwarded URL = null
   Redirected URL = null
          Cookies = []
]]></system-out>
  </testcase>
  <testcase name="test_add_endpoint_for_not_valid_card" classname="com.sapient.creditcard.integration.CreditCardIntegrationTests" time="0.004">
    <failure message="Status expected:&lt;500&gt; but was:&lt;403&gt;" type="java.lang.AssertionError"><![CDATA[java.lang.AssertionError: Status expected:<500> but was:<403>
	at com.sapient.creditcard.integration.CreditCardIntegrationTests.test_add_endpoint_for_not_valid_card(CreditCardIntegrationTests.java:95)
]]></failure>
    <system-out><![CDATA[
MockHttpServletRequest:
      HTTP Method = POST
      Request URI = /creditcard
       Parameters = {}
          Headers = [Content-Type:"application/json;charset=UTF-8", Authorization:"Basic YWRtaW46YWRtaW4=", Content-Length:"95"]
             Body = {"creditAccountId":"123","cardNumber":61789372994,"name":"Hema","limit":1000.50,"balance":null}
    Session Attrs = {org.springframework.security.web.csrf.HttpSessionCsrfTokenRepository.CSRF_TOKEN=org.springframework.security.web.csrf.DefaultCsrfToken@46f3d0f7}

Handler:
             Type = null

Async:
    Async started = false
     Async result = null

Resolved Exception:
             Type = null

ModelAndView:
        View name = null
             View = null
            Model = null

FlashMap:
       Attributes = null

MockHttpServletResponse:
           Status = 403
    Error message = Forbidden
          Headers = [X-Content-Type-Options:"nosniff", X-XSS-Protection:"1; mode=block", Cache-Control:"no-cache, no-store, max-age=0, must-revalidate", Pragma:"no-cache", Expires:"0", X-Frame-Options:"DENY"]
     Content type = null
             Body = 
    Forwarded URL = null
   Redirected URL = null
          Cookies = []
]]></system-out>
  </testcase>
  <testcase name="test_add_endpoint_for_missing_card_details" classname="com.sapient.creditcard.integration.CreditCardIntegrationTests" time="0.014">
    <failure message="Status expected:&lt;400&gt; but was:&lt;403&gt;" type="java.lang.AssertionError"><![CDATA[java.lang.AssertionError: Status expected:<400> but was:<403>
	at com.sapient.creditcard.integration.CreditCardIntegrationTests.test_add_endpoint_for_missing_card_details(CreditCardIntegrationTests.java:107)
]]></failure>
    <system-out><![CDATA[
MockHttpServletRequest:
      HTTP Method = POST
      Request URI = /creditcard
       Parameters = {}
          Headers = [Content-Type:"application/json;charset=UTF-8", Authorization:"Basic YWRtaW46YWRtaW4=", Content-Length:"93"]
             Body = {"creditAccountId":"123","cardNumber":61789372994,"name":null,"limit":1000.50,"balance":null}
    Session Attrs = {org.springframework.security.web.csrf.HttpSessionCsrfTokenRepository.CSRF_TOKEN=org.springframework.security.web.csrf.DefaultCsrfToken@592fbd8}

Handler:
             Type = null

Async:
    Async started = false
     Async result = null

Resolved Exception:
             Type = null

ModelAndView:
        View name = null
             View = null
            Model = null

FlashMap:
       Attributes = null

MockHttpServletResponse:
           Status = 403
    Error message = Forbidden
          Headers = [X-Content-Type-Options:"nosniff", X-XSS-Protection:"1; mode=block", Cache-Control:"no-cache, no-store, max-age=0, must-revalidate", Pragma:"no-cache", Expires:"0", X-Frame-Options:"DENY"]
     Content type = null
             Body = 
    Forwarded URL = null
   Redirected URL = null
          Cookies = []
]]></system-out>
  </testcase>
  <testcase name="test_get_all_endpoint_for_success_scenario" classname="com.sapient.creditcard.integration.CreditCardIntegrationTests" time="0.216">
    <failure message="Status expected:&lt;200&gt; but was:&lt;401&gt;" type="java.lang.AssertionError"><![CDATA[java.lang.AssertionError: Status expected:<200> but was:<401>
	at com.sapient.creditcard.integration.CreditCardIntegrationTests.test_get_all_endpoint_for_success_scenario(CreditCardIntegrationTests.java:118)
]]></failure>
    <system-out><![CDATA[
MockHttpServletRequest:
      HTTP Method = GET
      Request URI = /creditcard
       Parameters = {}
          Headers = [Content-Type:"application/json;charset=UTF-8", Authorization:"Basic YWRtaW46YWRtaW4="]
             Body = null
    Session Attrs = {}

Handler:
             Type = null

Async:
    Async started = false
     Async result = null

Resolved Exception:
             Type = null

ModelAndView:
        View name = null
             View = null
            Model = null

FlashMap:
       Attributes = null

MockHttpServletResponse:
           Status = 401
    Error message = Unauthorized
          Headers = [WWW-Authenticate:"Basic realm="Realm"", X-Content-Type-Options:"nosniff", X-XSS-Protection:"1; mode=block", Cache-Control:"no-cache, no-store, max-age=0, must-revalidate", Pragma:"no-cache", Expires:"0", X-Frame-Options:"DENY"]
     Content type = null
             Body = 
    Forwarded URL = null
   Redirected URL = null
          Cookies = []
]]></system-out>
  </testcase>
</testsuite>